由使用者 unknown or anonymous 啟動
建置中 工作區 D:\Jenkins\workspace\NumberServiceUnitTest
 > C:\Program Files\Git\bin\git.exe rev-parse --is-inside-work-tree # timeout=10
Fetching changes from the remote Git repository
 > C:\Program Files\Git\bin\git.exe config remote.origin.url \\Test-pc\git\Jenkins # timeout=10
Fetching upstream changes from \\Test-pc\git\Jenkins
 > C:\Program Files\Git\bin\git.exe --version # timeout=10
 > C:\Program Files\Git\bin\git.exe fetch --tags --progress \\Test-pc\git\Jenkins +refs/heads/*:refs/remotes/origin/*
 > C:\Program Files\Git\bin\git.exe rev-parse "refs/remotes/origin/master^{commit}" # timeout=10
 > C:\Program Files\Git\bin\git.exe rev-parse "refs/remotes/origin/origin/master^{commit}" # timeout=10
Checking out Revision 988c685eb7c23efc3a266b8c8aa0cd277963522e (refs/remotes/origin/master)
 > C:\Program Files\Git\bin\git.exe config core.sparsecheckout # timeout=10
 > C:\Program Files\Git\bin\git.exe checkout -f 988c685eb7c23efc3a266b8c8aa0cd277963522e
Commit message: "add version"
 > C:\Program Files\Git\bin\git.exe rev-list --no-walk 988c685eb7c23efc3a266b8c8aa0cd277963522e # timeout=10
[NumberServiceUnitTest] $ cmd /c call C:\WINDOWS\TEMP\jenkins4844576911655735047.bat

D:\Jenkins\workspace\NumberServiceUnitTest>echo ....執行 NuGet 還原 
....執行 NuGet 還原

D:\Jenkins\workspace\NumberServiceUnitTest>echo ....cd D:\Jenkins\workspace\NumberServiceUnitTest\JenkinsCI 
....cd D:\Jenkins\workspace\NumberServiceUnitTest\JenkinsCI

D:\Jenkins\workspace\NumberServiceUnitTest>echo ...."D:\Jenkins\nuget.exe" restore JenkinsCI.sln 
...."D:\Jenkins\nuget.exe" restore JenkinsCI.sln

D:\Jenkins\workspace\NumberServiceUnitTest>exit 0 
[NumberServiceUnitTest] $ cmd /c call C:\WINDOWS\TEMP\jenkins1821899231782462736.bat

D:\Jenkins\workspace\NumberServiceUnitTest>cd D:\Jenkins\workspace\NumberServiceUnitTest\JenkinsCI\NumberLib 

D:\Jenkins\workspace\NumberServiceUnitTest\JenkinsCI\NumberLib>dotnet restore 
  Restoring packages for D:\Jenkins\workspace\NumberServiceUnitTest\JenkinsCI\NumberLib\NumberLib.csproj...
  Generating MSBuild file D:\Jenkins\workspace\NumberServiceUnitTest\JenkinsCI\NumberLib\obj\NumberLib.csproj.nuget.g.props.
  Generating MSBuild file D:\Jenkins\workspace\NumberServiceUnitTest\JenkinsCI\NumberLib\obj\NumberLib.csproj.nuget.g.targets.
  Restore completed in 275.91 ms for D:\Jenkins\workspace\NumberServiceUnitTest\JenkinsCI\NumberLib\NumberLib.csproj.

D:\Jenkins\workspace\NumberServiceUnitTest\JenkinsCI\NumberLib>echo ....dotnet build -c Release -f netcoreapp2.0  
....dotnet build -c Release -f netcoreapp2.0 

D:\Jenkins\workspace\NumberServiceUnitTest\JenkinsCI\NumberLib>dotnet build -c Release 
Microsoft (R) Build Engine for .NET Core 15.6.82.30579 版
Copyright (C) Microsoft Corporation. 著作權所有，並保留一切權利。

  Restore completed in 45.93 ms for D:\Jenkins\workspace\NumberServiceUnitTest\JenkinsCI\NumberLib\NumberLib.csproj.
  NumberLib -> D:\Jenkins\workspace\NumberServiceUnitTest\JenkinsCI\NumberLib\bin\Release\netcoreapp2.0\NumberLib.dll

建置成功。
    0 個警告
    0 個錯誤

經過時間 00:00:02.70

D:\Jenkins\workspace\NumberServiceUnitTest\JenkinsCI\NumberLib>exit 0 
[NumberServiceUnitTest] $ cmd /c call C:\WINDOWS\TEMP\jenkins8365495797675518526.bat

D:\Jenkins\workspace\NumberServiceUnitTest>cd D:\Jenkins\workspace\NumberServiceUnitTest\JenkinsCI\NumberLibTest 

D:\Jenkins\workspace\NumberServiceUnitTest\JenkinsCI\NumberLibTest>dotnet restore 
  Restoring packages for D:\Jenkins\workspace\NumberServiceUnitTest\JenkinsCI\NumberLibTest\NumberLibTest.csproj...
  Restoring packages for D:\Jenkins\workspace\NumberServiceUnitTest\JenkinsCI\NumberLibTest\NumberLibTest.csproj...
  Restore completed in 23.95 ms for D:\Jenkins\workspace\NumberServiceUnitTest\JenkinsCI\NumberLib\NumberLib.csproj.
  Generating MSBuild file D:\Jenkins\workspace\NumberServiceUnitTest\JenkinsCI\NumberLibTest\obj\NumberLibTest.csproj.nuget.g.props.
  Generating MSBuild file D:\Jenkins\workspace\NumberServiceUnitTest\JenkinsCI\NumberLibTest\obj\NumberLibTest.csproj.nuget.g.targets.
  Restore completed in 1.5 sec for D:\Jenkins\workspace\NumberServiceUnitTest\JenkinsCI\NumberLibTest\NumberLibTest.csproj.
  Restore completed in 2.21 sec for D:\Jenkins\workspace\NumberServiceUnitTest\JenkinsCI\NumberLibTest\NumberLibTest.csproj.

D:\Jenkins\workspace\NumberServiceUnitTest\JenkinsCI\NumberLibTest>echo ....dotnet build -c Release -f netcoreapp2.0  
....dotnet build -c Release -f netcoreapp2.0 

D:\Jenkins\workspace\NumberServiceUnitTest\JenkinsCI\NumberLibTest>dotnet build -c Release 
Microsoft (R) Build Engine for .NET Core 15.6.82.30579 版
Copyright (C) Microsoft Corporation. 著作權所有，並保留一切權利。

  Restore completed in 21.49 ms for D:\Jenkins\workspace\NumberServiceUnitTest\JenkinsCI\NumberLib\NumberLib.csproj.
  Restore completed in 48.16 ms for D:\Jenkins\workspace\NumberServiceUnitTest\JenkinsCI\NumberLibTest\NumberLibTest.csproj.
  Restore completed in 79.9 ms for D:\Jenkins\workspace\NumberServiceUnitTest\JenkinsCI\NumberLibTest\NumberLibTest.csproj.
  NumberLib -> D:\Jenkins\workspace\NumberServiceUnitTest\JenkinsCI\NumberLib\bin\Release\netcoreapp2.0\NumberLib.dll
  NumberLibTest -> D:\Jenkins\workspace\NumberServiceUnitTest\JenkinsCI\NumberLibTest\bin\Release\netcoreapp2.0\NumberLibTest.dll

建置成功。
    0 個警告
    0 個錯誤

經過時間 00:00:03.14

D:\Jenkins\workspace\NumberServiceUnitTest\JenkinsCI\NumberLibTest>exit 0 
[NumberServiceUnitTest] $ cmd /c call C:\WINDOWS\TEMP\jenkins322091963241007876.bat

D:\Jenkins\workspace\NumberServiceUnitTest>cd D:\Jenkins\workspace\NumberServiceUnitTest\JenkinsCI\NumberLibTest 

D:\Jenkins\workspace\NumberServiceUnitTest\JenkinsCI\NumberLibTest>echo ....dotnet test -c Release -f netcoreapp2.0  
....dotnet test -c Release -f netcoreapp2.0 

D:\Jenkins\workspace\NumberServiceUnitTest\JenkinsCI\NumberLibTest>dotnet test -c Release 
已開始建置，請稍候...
建置完成。

D:\Jenkins\workspace\NumberServiceUnitTest\JenkinsCI\NumberLibTest\bin\Release\netcoreapp2.0\NumberLibTest.dll(.NETCoreApp,Version=v2.0) 的測試回合
Microsoft (R) Test Execution Command Line Tool 15.7.0-preview-20180221-13 版
Copyright (C) Microsoft Corporation. 著作權所有，並保留一切權利。

正在啟動測試執行，請稍候...

測試總計: 2。成功: 2。失敗: 0。略過: 0。
測試回合成功。
測試執行時間: 1.4603 秒

D:\Jenkins\workspace\NumberServiceUnitTest\JenkinsCI\NumberLibTest>echo ...."D:\Jenkins\NuGet.exe" restore NumberLibTest.csproj 
...."D:\Jenkins\NuGet.exe" restore NumberLibTest.csproj

D:\Jenkins\workspace\NumberServiceUnitTest\JenkinsCI\NumberLibTest>exit 0 
[NumberServiceUnitTest] $ cmd /c call C:\WINDOWS\TEMP\jenkins5927309112869898086.bat

D:\Jenkins\workspace\NumberServiceUnitTest>rem cd D:\JenkinsGit\JenkinsCI\NumberLibTest\bin\Debug\netcoreapp2.0\ 

D:\Jenkins\workspace\NumberServiceUnitTest>rem vstest.console.exe NumberLibTest.dll /EnableCodeCoverage /Logger:trx 

D:\Jenkins\workspace\NumberServiceUnitTest>cd D:\Jenkins\workspace\NumberServiceUnitTest\JenkinsCI\NumberLibTest\bin\Release\netcoreapp2.0\ 

D:\Jenkins\workspace\NumberServiceUnitTest\JenkinsCI\NumberLibTest\bin\Release\netcoreapp2.0>vstest.console.exe NumberLibTest.dll /EnableCodeCoverage /Logger:trx 
Microsoft (R) Test Execution Command Line Tool 15.7.0-preview-20180307-01 版
Copyright (C) Microsoft Corporation. 著作權所有，並保留一切權利。

正在啟動測試執行，請稍候...
2.0001
資料收集器 'Code Coverage' 的訊息: Cannot find CodeCoverage.exe.。
System.IO.FileNotFoundException: D:\Jenkins\workspace\NumberServiceUnitTest\JenkinsCI\NumberLibTest\bin\Release\netcoreapp2.0\NumberLibTest.dll 中沒有可用的測試。請確定測試專案具有套件 "Microsoft.NET.Test.Sdk" 的 NuGet 參考，且架構的版本設定適當，然後再試一次。
   於 Microsoft.VisualStudio.TestPlatform.CrossPlatEngine.Hosting.DotnetTestHostManager.GetTestHostProcessStartInfo(IEnumerable`1 sources, IDictionary`2 environmentVariables, TestRunnerConnectionInfo connectionInfo)
   於 Microsoft.VisualStudio.TestPlatform.CrossPlatEngine.Client.ProxyOperationManager.SetupChannel(IEnumerable`1 sources, CancellationToken cancellationToken)
   於 Microsoft.VisualStudio.TestPlatform.CrossPlatEngine.Client.ProxyExecutionManager.StartTestRun(TestRunCriteria testRunCriteria, ITestRunEventsHandler eventHandler)

測試回合已中止。

D:\Jenkins\workspace\NumberServiceUnitTest\JenkinsCI\NumberLibTest\bin\Release\netcoreapp2.0>exit 1 
Build step '執行 Windows 批次指令' marked build as failure
Finished: FAILURE
