由使用者 unknown or anonymous 啟動
建置中 工作區 D:\Jenkins\workspace\NumberServiceUnitTest
 > C:\Program Files\Git\bin\git.exe rev-parse --is-inside-work-tree # timeout=10
Fetching changes from the remote Git repository
 > C:\Program Files\Git\bin\git.exe config remote.origin.url \\Test-pc\git\Jenkins # timeout=10
Fetching upstream changes from \\Test-pc\git\Jenkins
 > C:\Program Files\Git\bin\git.exe --version # timeout=10
 > C:\Program Files\Git\bin\git.exe fetch --tags --progress \\Test-pc\git\Jenkins +refs/heads/*:refs/remotes/origin/*
 > C:\Program Files\Git\bin\git.exe rev-parse "refs/remotes/origin/master^{commit}" # timeout=10
 > C:\Program Files\Git\bin\git.exe rev-parse "refs/remotes/origin/origin/master^{commit}" # timeout=10
Checking out Revision f16369b7b7720b85d450e93f25ff5342781ec387 (refs/remotes/origin/master)
 > C:\Program Files\Git\bin\git.exe config core.sparsecheckout # timeout=10
 > C:\Program Files\Git\bin\git.exe checkout -f f16369b7b7720b85d450e93f25ff5342781ec387
Commit message: "add version"
 > C:\Program Files\Git\bin\git.exe rev-list --no-walk f16369b7b7720b85d450e93f25ff5342781ec387 # timeout=10
[NumberServiceUnitTest] $ cmd /c call C:\WINDOWS\TEMP\jenkins5191762078780800924.bat

D:\Jenkins\workspace\NumberServiceUnitTest>cd D:\Jenkins\workspace\NumberServiceUnitTest\JenkinsCI\NumberLib 

D:\Jenkins\workspace\NumberServiceUnitTest\JenkinsCI\NumberLib>dotnet restore 
  Restoring packages for D:\Jenkins\workspace\NumberServiceUnitTest\JenkinsCI\NumberLib\NumberLib.csproj...
  Generating MSBuild file D:\Jenkins\workspace\NumberServiceUnitTest\JenkinsCI\NumberLib\obj\NumberLib.csproj.nuget.g.props.
  Generating MSBuild file D:\Jenkins\workspace\NumberServiceUnitTest\JenkinsCI\NumberLib\obj\NumberLib.csproj.nuget.g.targets.
  Restore completed in 271.89 ms for D:\Jenkins\workspace\NumberServiceUnitTest\JenkinsCI\NumberLib\NumberLib.csproj.

D:\Jenkins\workspace\NumberServiceUnitTest\JenkinsCI\NumberLib>dotnet build 
Microsoft (R) Build Engine for .NET Core 15.6.82.30579 版
Copyright (C) Microsoft Corporation. 著作權所有，並保留一切權利。

  Restore completed in 47.34 ms for D:\Jenkins\workspace\NumberServiceUnitTest\JenkinsCI\NumberLib\NumberLib.csproj.
  NumberLib -> D:\Jenkins\workspace\NumberServiceUnitTest\JenkinsCI\NumberLib\bin\Debug\netcoreapp2.0\NumberLib.dll

建置成功。
    0 個警告
    0 個錯誤

經過時間 00:00:02.73

D:\Jenkins\workspace\NumberServiceUnitTest\JenkinsCI\NumberLib>exit 0 
[NumberServiceUnitTest] $ cmd /c call C:\WINDOWS\TEMP\jenkins2450100054056978522.bat

D:\Jenkins\workspace\NumberServiceUnitTest>cd D:\Jenkins\workspace\NumberServiceUnitTest\JenkinsCI\NumberLibTest 

D:\Jenkins\workspace\NumberServiceUnitTest\JenkinsCI\NumberLibTest>dotnet restore 
  Restore completed in 45.39 ms for D:\Jenkins\workspace\NumberServiceUnitTest\JenkinsCI\NumberLib\NumberLib.csproj.
  Restoring packages for D:\Jenkins\workspace\NumberServiceUnitTest\JenkinsCI\NumberLibTest\NumberLibTest.csproj...
  Restore completed in 142.44 ms for D:\Jenkins\workspace\NumberServiceUnitTest\JenkinsCI\NumberLibTest\NumberLibTest.csproj.
  Generating MSBuild file D:\Jenkins\workspace\NumberServiceUnitTest\JenkinsCI\NumberLibTest\obj\NumberLibTest.csproj.nuget.g.props.
  Generating MSBuild file D:\Jenkins\workspace\NumberServiceUnitTest\JenkinsCI\NumberLibTest\obj\NumberLibTest.csproj.nuget.g.targets.
  Restore completed in 2.15 sec for D:\Jenkins\workspace\NumberServiceUnitTest\JenkinsCI\NumberLibTest\NumberLibTest.csproj.

D:\Jenkins\workspace\NumberServiceUnitTest\JenkinsCI\NumberLibTest>dotnet build 
Microsoft (R) Build Engine for .NET Core 15.6.82.30579 版
Copyright (C) Microsoft Corporation. 著作權所有，並保留一切權利。

  Restore completed in 51.14 ms for D:\Jenkins\workspace\NumberServiceUnitTest\JenkinsCI\NumberLib\NumberLib.csproj.
  Restore completed in 61.83 ms for D:\Jenkins\workspace\NumberServiceUnitTest\JenkinsCI\NumberLibTest\NumberLibTest.csproj.
  Restore completed in 80.65 ms for D:\Jenkins\workspace\NumberServiceUnitTest\JenkinsCI\NumberLibTest\NumberLibTest.csproj.
  NumberLib -> D:\Jenkins\workspace\NumberServiceUnitTest\JenkinsCI\NumberLib\bin\Debug\netcoreapp2.0\NumberLib.dll
  NumberLibTest -> D:\Jenkins\workspace\NumberServiceUnitTest\JenkinsCI\NumberLibTest\bin\Debug\netcoreapp2.0\NumberLibTest.dll

建置成功。
    0 個警告
    0 個錯誤

經過時間 00:00:03.77

D:\Jenkins\workspace\NumberServiceUnitTest\JenkinsCI\NumberLibTest>exit 0 
[NumberServiceUnitTest] $ cmd /c call C:\WINDOWS\TEMP\jenkins7327485972243901552.bat

D:\Jenkins\workspace\NumberServiceUnitTest>cd D:\Jenkins\workspace\NumberServiceUnitTest\JenkinsCI\NumberLibTest 

D:\Jenkins\workspace\NumberServiceUnitTest\JenkinsCI\NumberLibTest>dotnet test 
已開始建置，請稍候...
建置完成。

D:\Jenkins\workspace\NumberServiceUnitTest\JenkinsCI\NumberLibTest\bin\Debug\netcoreapp2.0\NumberLibTest.dll(.NETCoreApp,Version=v2.0) 的測試回合
Microsoft (R) Test Execution Command Line Tool 15.7.0-preview-20180221-13 版
Copyright (C) Microsoft Corporation. 著作權所有，並保留一切權利。

正在啟動測試執行，請稍候...

測試總計: 2。成功: 2。失敗: 0。略過: 0。
測試回合成功。
測試執行時間: 1.5590 秒

D:\Jenkins\workspace\NumberServiceUnitTest\JenkinsCI\NumberLibTest>exit 0 
[NumberServiceUnitTest] $ cmd /c call C:\WINDOWS\TEMP\jenkins7243389041802579870.bat

D:\Jenkins\workspace\NumberServiceUnitTest>cd D:\Jenkins\workspace\NumberServiceUnitTest\JenkinsCI\NumberLibTest\bin\Debug\netcoreapp2.0\ 

D:\Jenkins\workspace\NumberServiceUnitTest\JenkinsCI\NumberLibTest\bin\Debug\netcoreapp2.0>vstest.console.exe NumberLibTest.dll /EnableCodeCoverage /Logger:trx 
Microsoft (R) Test Execution Command Line Tool 15.7.0-preview-20180307-01 版
Copyright (C) Microsoft Corporation. 著作權所有，並保留一切權利。

正在啟動測試執行，請稍候...
2.3603
資料收集器 'Code Coverage' 的訊息: Cannot find CodeCoverage.exe.。
System.IO.FileNotFoundException: D:\Jenkins\workspace\NumberServiceUnitTest\JenkinsCI\NumberLibTest\bin\Debug\netcoreapp2.0\NumberLibTest.dll 中沒有可用的測試。請確定測試專案具有套件 "Microsoft.NET.Test.Sdk" 的 NuGet 參考，且架構的版本設定適當，然後再試一次。
   於 Microsoft.VisualStudio.TestPlatform.CrossPlatEngine.Hosting.DotnetTestHostManager.GetTestHostProcessStartInfo(IEnumerable`1 sources, IDictionary`2 environmentVariables, TestRunnerConnectionInfo connectionInfo)
   於 Microsoft.VisualStudio.TestPlatform.CrossPlatEngine.Client.ProxyOperationManager.SetupChannel(IEnumerable`1 sources, CancellationToken cancellationToken)
   於 Microsoft.VisualStudio.TestPlatform.CrossPlatEngine.Client.ProxyExecutionManager.StartTestRun(TestRunCriteria testRunCriteria, ITestRunEventsHandler eventHandler)

測試回合已中止。

D:\Jenkins\workspace\NumberServiceUnitTest\JenkinsCI\NumberLibTest\bin\Debug\netcoreapp2.0>exit 1 
Build step '執行 Windows 批次指令' marked build as failure
Finished: FAILURE
