由使用者 unknown or anonymous 啟動
建置中 工作區 D:\Jenkins\workspace\NumberServiceUnitTest
 > C:\Program Files\Git\bin\git.exe rev-parse --is-inside-work-tree # timeout=10
Fetching changes from the remote Git repository
 > C:\Program Files\Git\bin\git.exe config remote.origin.url \\Test-pc\git\Jenkins # timeout=10
Fetching upstream changes from \\Test-pc\git\Jenkins
 > C:\Program Files\Git\bin\git.exe --version # timeout=10
 > C:\Program Files\Git\bin\git.exe fetch --tags --progress \\Test-pc\git\Jenkins +refs/heads/*:refs/remotes/origin/*
 > C:\Program Files\Git\bin\git.exe rev-parse "refs/remotes/origin/master^{commit}" # timeout=10
 > C:\Program Files\Git\bin\git.exe rev-parse "refs/remotes/origin/origin/master^{commit}" # timeout=10
Checking out Revision f16369b7b7720b85d450e93f25ff5342781ec387 (refs/remotes/origin/master)
 > C:\Program Files\Git\bin\git.exe config core.sparsecheckout # timeout=10
 > C:\Program Files\Git\bin\git.exe checkout -f f16369b7b7720b85d450e93f25ff5342781ec387
Commit message: "add version"
 > C:\Program Files\Git\bin\git.exe rev-list --no-walk f16369b7b7720b85d450e93f25ff5342781ec387 # timeout=10
[NumberServiceUnitTest] $ cmd /c call C:\WINDOWS\TEMP\jenkins5272614013906050259.bat

D:\Jenkins\workspace\NumberServiceUnitTest>cd D:\Jenkins\workspace\NumberServiceUnitTest\JenkinsCI\NumberLib 

D:\Jenkins\workspace\NumberServiceUnitTest\JenkinsCI\NumberLib>dotnet restore 
  Restoring packages for D:\Jenkins\workspace\NumberServiceUnitTest\JenkinsCI\NumberLib\NumberLib.csproj...
  Generating MSBuild file D:\Jenkins\workspace\NumberServiceUnitTest\JenkinsCI\NumberLib\obj\NumberLib.csproj.nuget.g.props.
  Generating MSBuild file D:\Jenkins\workspace\NumberServiceUnitTest\JenkinsCI\NumberLib\obj\NumberLib.csproj.nuget.g.targets.
  Restore completed in 167.4 ms for D:\Jenkins\workspace\NumberServiceUnitTest\JenkinsCI\NumberLib\NumberLib.csproj.

D:\Jenkins\workspace\NumberServiceUnitTest\JenkinsCI\NumberLib>dotnet build 
Microsoft (R) Build Engine for .NET Core 15.6.82.30579 版
Copyright (C) Microsoft Corporation. 著作權所有，並保留一切權利。

  Restore completed in 45.73 ms for D:\Jenkins\workspace\NumberServiceUnitTest\JenkinsCI\NumberLib\NumberLib.csproj.
  NumberLib -> D:\Jenkins\workspace\NumberServiceUnitTest\JenkinsCI\NumberLib\bin\Debug\netcoreapp2.0\NumberLib.dll

建置成功。
    0 個警告
    0 個錯誤

經過時間 00:00:01.44

D:\Jenkins\workspace\NumberServiceUnitTest\JenkinsCI\NumberLib>exit 0 
[NumberServiceUnitTest] $ cmd /c call C:\WINDOWS\TEMP\jenkins511846391637364795.bat

D:\Jenkins\workspace\NumberServiceUnitTest>cd D:\Jenkins\workspace\NumberServiceUnitTest\JenkinsCI\NumberLibTest 

D:\Jenkins\workspace\NumberServiceUnitTest\JenkinsCI\NumberLibTest>dotnet test 
已開始建置，請稍候...
建置完成。

D:\Jenkins\workspace\NumberServiceUnitTest\JenkinsCI\NumberLibTest\bin\Debug\netcoreapp2.0\NumberLibTest.dll(.NETCoreApp,Version=v2.0) 的測試回合
Microsoft (R) Test Execution Command Line Tool 15.7.0-preview-20180221-13 版
Copyright (C) Microsoft Corporation. 著作權所有，並保留一切權利。

正在啟動測試執行，請稍候...

測試總計: 2。成功: 2。失敗: 0。略過: 0。
測試回合成功。
測試執行時間: 1.3623 秒

D:\Jenkins\workspace\NumberServiceUnitTest\JenkinsCI\NumberLibTest>exit 0 
[NumberServiceUnitTest] $ cmd /c call C:\WINDOWS\TEMP\jenkins7498292293627156809.bat

D:\Jenkins\workspace\NumberServiceUnitTest>"D:\Jenkins\NuGet.exe" restore D:\Jenkins\workspace\NumberServiceUnitTest\JenkinsCI\NumberLibTest\NumberLibTest.csproj 
MSBuild auto-detection: using msbuild version '15.7.66.2115' from 'C:\Program Files (x86)\Microsoft Visual Studio\Preview\Community\MSBuild\15.0\bin'.
Restoring packages for D:\Jenkins\workspace\NumberServiceUnitTest\JenkinsCI\NumberLibTest\NumberLibTest.csproj...
Committing restore...
Assets file has not changed. Skipping assets file writing. Path: D:\Jenkins\workspace\NumberServiceUnitTest\JenkinsCI\NumberLibTest\obj\project.assets.json
Restore completed in 38.87 ms for D:\Jenkins\workspace\NumberServiceUnitTest\JenkinsCI\NumberLibTest\NumberLibTest.csproj.
Committing restore...
Writing tool lock file to disk. Path: C:\WINDOWS\system32\config\systemprofile\.nuget\packages\.tools\dotnet-xunit\2.3.1\netcoreapp2.0\project.assets.json
Restore completed in 1.26 sec for D:\Jenkins\workspace\NumberServiceUnitTest\JenkinsCI\NumberLibTest\NumberLibTest.csproj.

NuGet Config files used:
    C:\WINDOWS\system32\config\systemprofile\AppData\Roaming\NuGet\NuGet.Config
    C:\Program Files (x86)\NuGet\Config\Microsoft.VisualStudio.Offline.config
    C:\Program Files (x86)\NuGet\Config\Microsoft.VisualStudio.Offline.Fallback.config

Feeds used:
    C:\Program Files (x86)\Microsoft SDKs\NuGetPackages\
    https://api.nuget.org/v3/index.json

D:\Jenkins\workspace\NumberServiceUnitTest>exit 0 
[NumberServiceUnitTest] $ cmd /c call C:\WINDOWS\TEMP\jenkins3822647037407556667.bat

D:\Jenkins\workspace\NumberServiceUnitTest>cd D:\Jenkins\workspace\NumberServiceUnitTest\JenkinsCI 

D:\Jenkins\workspace\NumberServiceUnitTest\JenkinsCI>vstest.console.exe D:\Jenkins\workspace\NumberServiceUnitTest\JenkinsCI\NumberLibTest\bin\Debug\netcoreapp2.0\NumberLibTest.dll /EnableCodeCoverage /Logger:trx 
Microsoft (R) Test Execution Command Line Tool 15.7.0-preview-20180307-01 版
Copyright (C) Microsoft Corporation. 著作權所有，並保留一切權利。

正在啟動測試執行，請稍候...
2.0816
資料收集器 'Code Coverage' 的訊息: Cannot find CodeCoverage.exe.。
System.IO.FileNotFoundException: D:\Jenkins\workspace\NumberServiceUnitTest\JenkinsCI\NumberLibTest\bin\Debug\netcoreapp2.0\NumberLibTest.dll 中沒有可用的測試。請確定測試專案具有套件 "Microsoft.NET.Test.Sdk" 的 NuGet 參考，且架構的版本設定適當，然後再試一次。
   於 Microsoft.VisualStudio.TestPlatform.CrossPlatEngine.Hosting.DotnetTestHostManager.GetTestHostProcessStartInfo(IEnumerable`1 sources, IDictionary`2 environmentVariables, TestRunnerConnectionInfo connectionInfo)
   於 Microsoft.VisualStudio.TestPlatform.CrossPlatEngine.Client.ProxyOperationManager.SetupChannel(IEnumerable`1 sources, CancellationToken cancellationToken)
   於 Microsoft.VisualStudio.TestPlatform.CrossPlatEngine.Client.ProxyExecutionManager.StartTestRun(TestRunCriteria testRunCriteria, ITestRunEventsHandler eventHandler)

測試回合已中止。

D:\Jenkins\workspace\NumberServiceUnitTest\JenkinsCI>exit 1 
Build step '執行 Windows 批次指令' marked build as failure
Finished: FAILURE
